! Started logfile: difmap.log on Wed Feb  7 17:32:36 2024
obs /home/flep98/Desktop/0506_pol_final.uvf
! Reading UV FITS file: /home/flep98/Desktop/0506_pol_final.uvf
! AN table 1: 102 integrations on 36 of 36 possible baselines.
! AN table 2: Unused.
! Apparent sampling: 0.965142 visibilities/baseline/integration-bin.
! Found source: 0506+056
! 
! There are 4 IFs, and a total of 4 channels:
! 
!  IF  Channel    Frequency  Freq offset  Number of   Overall IF
!       origin    at origin  per channel   channels    bandwidth
!  ------------------------------------------------------------- (Hz)
!  01        1  1.52721e+10      6.4e+07          1      6.4e+07
!  02        2  1.53361e+10      6.4e+07          1      6.4e+07
!  03        3  1.54001e+10      6.4e+07          1      6.4e+07
!  04        4  1.54641e+10      6.4e+07          1      6.4e+07
! 
! Polarization(s): RR LL RL LR
! 
! Read 1 lines of history.
! 
! Reading 56704 visibilities.
uvw 0,0
! Uniform weighting is not currently selected.
! Amplitude error weighting is not currently selected.
! Radial weighting is not currently selected.
select i
! Selecting polarization: I,  channels: 1..4
! Reading IF 1 channels: 1..1
! Reading IF 2 channels: 2..2
! Reading IF 3 channels: 3..3
! Reading IF 4 channels: 4..4
rmod tmp/mod_files/2017-10-19.mod
! A total of 192 model components were read from file tmp/mod_files/2017-10-19.mod
maps 4096,0.025000000000002
! Map grid = 4096x4096 pixels with 0.0250x0.0250 milli-arcsec cellsize.
restore 2.0304054487496614,0.9507630602456629,-7.991165
! Adding 192 model components to the UV plane model.
! The established model now contains 192 components and 0.490162 Jy
! Inverting map and beam 
! Estimated beam: bmin=0.9987 mas, bmaj=1.958 mas, bpa=-6.195 degrees
! Estimated noise=0.127082 mJy/beam.
! Restoring with beam: 0.9508 x 2.03 at -7.991 degrees (North through East)
! Clean map  min=-0.01235  max=0.42405 Jy/beam
save tmp/restored_fits/0506_final_pol_convolved
! Writing UV FITS file: tmp/restored_fits/0506_final_pol_convolved.uvf
! Writing 192 model components to file: tmp/restored_fits/0506_final_pol_convolved.mod
! Writing clean map to FITS file: tmp/restored_fits/0506_final_pol_convolved.fits
! Writing difmap environment to: tmp/restored_fits/0506_final_pol_convolved.par
! Log file difmap.log closed on Wed Feb  7 17:32:38 2024
